<?xml version="1.0" encoding="UTF-8"?>
<!-- Generated by org.testng.reporters.JUnitXMLReporter -->
<testsuite hostname="LAPTOP-P9U8PG08" name="Users_firefox6" tests="6" failures="6" timestamp="8 Oct 2017 13:59:44 GMT" time="60.297" errors="0">
  <testcase name="Login" time="15.12" classname="USERS.User_page">
    <failure type="org.openqa.selenium.NoSuchElementException" message="Unable to locate element: {&amp;quot;method&amp;quot;:&amp;quot;xpath&amp;quot;,&amp;quot;selector&amp;quot;:&amp;quot;.//span[@id=&amp;apos;select2-ddlModalCompany-container&amp;apos; and @class=&amp;apos;select2-selection__rendered&amp;apos;]&amp;quot;}
Command duration or timeout: 54 milliseconds
For documentation on this error, please visit: http://seleniumhq.org/exceptions/no_such_element.html
Build info: version: &amp;apos;2.53.1&amp;apos;, revision: &amp;apos;a36b8b1&amp;apos;, time: &amp;apos;2016-06-30 17:32:46&amp;apos;
System info: host: &amp;apos;LAPTOP-P9U8PG08&amp;apos;, ip: &amp;apos;192.168.1.141&amp;apos;, os.name: &amp;apos;Windows 10&amp;apos;, os.arch: &amp;apos;amd64&amp;apos;, os.version: &amp;apos;10.0&amp;apos;, java.version: &amp;apos;1.8.0_131&amp;apos;
Driver info: org.openqa.selenium.firefox.FirefoxDriver
Capabilities [{applicationCacheEnabled=true, rotatable=false, handlesAlerts=true, databaseEnabled=true, version=47.0.1, platform=WINDOWS, nativeEvents=false, acceptSslCerts=true, webStorageEnabled=true, locationContextEnabled=true, browserName=firefox, takesScreenshot=true, javascriptEnabled=true, cssSelectorsEnabled=true}]
Session ID: f740f3a6-64a2-411b-bd47-762103737e15
*** Element info: {Using=xpath, value=.//span[@id=&amp;apos;select2-ddlModalCompany-container&amp;apos; and @class=&amp;apos;select2-selection__rendered&amp;apos;]}">
      <![CDATA[org.openqa.selenium.NoSuchElementException: Unable to locate element: {"method":"xpath","selector":".//span[@id='select2-ddlModalCompany-container' and @class='select2-selection__rendered']"}
Command duration or timeout: 54 milliseconds
For documentation on this error, please visit: http://seleniumhq.org/exceptions/no_such_element.html
Build info: version: '2.53.1', revision: 'a36b8b1', time: '2016-06-30 17:32:46'
System info: host: 'LAPTOP-P9U8PG08', ip: '192.168.1.141', os.name: 'Windows 10', os.arch: 'amd64', os.version: '10.0', java.version: '1.8.0_131'
Driver info: org.openqa.selenium.firefox.FirefoxDriver
Capabilities [{applicationCacheEnabled=true, rotatable=false, handlesAlerts=true, databaseEnabled=true, version=47.0.1, platform=WINDOWS, nativeEvents=false, acceptSslCerts=true, webStorageEnabled=true, locationContextEnabled=true, browserName=firefox, takesScreenshot=true, javascriptEnabled=true, cssSelectorsEnabled=true}]
Session ID: f740f3a6-64a2-411b-bd47-762103737e15
*** Element info: {Using=xpath, value=.//span[@id='select2-ddlModalCompany-container' and @class='select2-selection__rendered']}
	at org.openqa.selenium.remote.ErrorHandler.createThrowable(ErrorHandler.java:206)
	at org.openqa.selenium.remote.ErrorHandler.throwIfResponseFailed(ErrorHandler.java:158)
	at org.openqa.selenium.remote.RemoteWebDriver.execute(RemoteWebDriver.java:678)
	at org.openqa.selenium.remote.RemoteWebDriver.findElement(RemoteWebDriver.java:363)
	at org.openqa.selenium.remote.RemoteWebDriver.findElementByXPath(RemoteWebDriver.java:500)
	at org.openqa.selenium.By$ByXPath.findElement(By.java:361)
	at org.openqa.selenium.remote.RemoteWebDriver.findElement(RemoteWebDriver.java:355)
	at USERS.User_page.Login(User_page.java:168)
Caused by: org.openqa.selenium.NoSuchElementException: Unable to locate element: {"method":"xpath","selector":".//span[@id='select2-ddlModalCompany-container' and @class='select2-selection__rendered']"}
For documentation on this error, please visit: http://seleniumhq.org/exceptions/no_such_element.html
Build info: version: '2.53.1', revision: 'a36b8b1', time: '2016-06-30 17:32:46'
System info: host: 'LAPTOP-P9U8PG08', ip: '192.168.1.141', os.name: 'Windows 10', os.arch: 'amd64', os.version: '10.0', java.version: '1.8.0_131'
Driver info: driver.version: unknown
	at <anonymous class>.FirefoxDriver.prototype.findElementInternal_(file:///C:/Users/MANIVA~1/AppData/Local/Temp/anonymous5162659380718710700webdriver-profile/extensions/fxdriver@googlecode.com/components/driver-component.js:10770)
	at <anonymous class>.FirefoxDriver.prototype.findElement(file:///C:/Users/MANIVA~1/AppData/Local/Temp/anonymous5162659380718710700webdriver-profile/extensions/fxdriver@googlecode.com/components/driver-component.js:10779)
	at <anonymous class>.DelayedCommand.prototype.executeInternal_/h(file:///C:/Users/MANIVA~1/AppData/Local/Temp/anonymous5162659380718710700webdriver-profile/extensions/fxdriver@googlecode.com/components/command-processor.js:12661)
	at <anonymous class>.DelayedCommand.prototype.executeInternal_(file:///C:/Users/MANIVA~1/AppData/Local/Temp/anonymous5162659380718710700webdriver-profile/extensions/fxdriver@googlecode.com/components/command-processor.js:12666)
	at <anonymous class>.DelayedCommand.prototype.execute/<(file:///C:/Users/MANIVA~1/AppData/Local/Temp/anonymous5162659380718710700webdriver-profile/extensions/fxdriver@googlecode.com/components/command-processor.js:12608)
... Removed 28 stack frames]]>
    </failure>
  </testcase> <!-- Login -->
  <testcase name="User_Submenu" time="18.78" classname="USERS.User_page">
    <failure type="java.lang.AssertionError" message="expected [null] but found [User]">
      <![CDATA[java.lang.AssertionError: expected [null] but found [User]
	at USERS.User_page.User_Submenu(User_page.java:222)
... Removed 29 stack frames]]>
    </failure>
  </testcase> <!-- User_Submenu -->
  <testcase name="Customer_page" time="2.05" classname="USERS.User_page">
    <failure type="java.lang.AssertionError" message="expected [null] but found [User]">
      <![CDATA[java.lang.AssertionError: expected [null] but found [User]
	at USERS.User_page.Customer_page(User_page.java:273)
... Removed 29 stack frames]]>
    </failure>
  </testcase> <!-- Customer_page -->
  <testcase name="Customer_Addrecord_button" time="0.043" classname="USERS.User_page">
    <failure type="java.lang.AssertionError" message="expected [null] but found [Add Record]">
      <![CDATA[java.lang.AssertionError: expected [null] but found [Add Record]
	at USERS.User_page.Customer_Addrecord_button(User_page.java:317)
... Removed 29 stack frames]]>
    </failure>
  </testcase> <!-- Customer_Addrecord_button -->
  <testcase name="AddRecord_Alertmessage" time="2.052" classname="USERS.User_page">
    <failure type="java.lang.NullPointerException">
      <![CDATA[java.lang.NullPointerException
	at USERS.User_page.AddRecord_Alertmessage(User_page.java:369)
... Removed 24 stack frames]]>
    </failure>
  </testcase> <!-- AddRecord_Alertmessage -->
  <testcase name="Cancel_button" time="6.053" classname="USERS.User_page">
    <failure type="java.lang.AssertionError" message="expected [null] but found [User]">
      <![CDATA[java.lang.AssertionError: expected [null] but found [User]
	at USERS.User_page.Cancel_button(User_page.java:417)
... Removed 29 stack frames]]>
    </failure>
  </testcase> <!-- Cancel_button -->
</testsuite> <!-- Users_firefox6 -->
